<?xml version="1.0" encoding="UTF-8"?>
<!-- Generated by org.testng.reporters.JUnitReportReporter -->
<testsuite hostname="DESKTOP-D1LVJ0N" failures="0" tests="1" name="Test.Day2" time="0.002" errors="0" timestamp="2023-03-30T13:25:47 IST" skipped="0">
  <testcase classname="Test.Day2" name="Demo2" time="0.002"/>
  <system-out/>
</testsuite> <!-- Test.Day2 -->
