<?xml version="1.0" encoding="UTF-8"?>
<!-- Generated by org.testng.reporters.JUnitReportReporter -->
<testsuite hostname="DESKTOP-D1LVJ0N" failures="0" tests="7" name="Test.Day3" time="0.067" errors="0" timestamp="2023-03-30T13:25:47 IST" skipped="0">
  <testcase classname="Test.Day3" name="MobileSigninCarLoan" time="0.007"/>
  <system-out/>
  <testcase classname="Test.Day3" name="MobileSignoutCarLoan" time="0.012"/>
  <system-out/>
  <testcase classname="Test.Day3" name="APICarLoan" time="0.005"/>
  <system-out/>
  <testcase classname="Test.Day3" name="WebLoginCarLoan" time="0.008"/>
  <system-out/>
  <testcase classname="Test.Day3" name="MobileSignoutCarLoan" time="0.012"/>
  <system-out/>
  <testcase classname="Test.Day3" name="MobileSignoutCarLoan" time="0.014"/>
  <system-out/>
  <testcase classname="Test.Day3" name="MobileLoginCarLoan" time="0.009"/>
  <system-out/>
</testsuite> <!-- Test.Day3 -->
